[debug] [2025-08-30T12:12:46.265Z] ----------------------------------------------------------------------
[debug] [2025-08-30T12:12:46.268Z] Command:       /nix/store/ws50yvm6vzlzf7jzz6n7xh4szddrack1-nodejs-20.19.1/bin/node /nix/store/mb7dm7av34020nn56xbny0fl17nwiddp-firebase-tools-14.14.0/lib/node_modules/firebase-tools/lib/bin/firebase.js init hosting
[debug] [2025-08-30T12:12:46.269Z] CLI Version:   14.14.0
[debug] [2025-08-30T12:12:46.269Z] Platform:      linux
[debug] [2025-08-30T12:12:46.269Z] Node Version:  v20.19.1
[debug] [2025-08-30T12:12:46.269Z] Time:          Sat Aug 30 2025 12:12:46 GMT+0000 (Coordinated Universal Time)
[debug] [2025-08-30T12:12:46.270Z] ----------------------------------------------------------------------
[debug] 
[debug] [2025-08-30T12:12:46.274Z] >>> [apiv2][query] GET https://firebase-public.firebaseio.com/cli.json [none]
[debug] [2025-08-30T12:12:46.352Z] No OAuth tokens found
[debug] [2025-08-30T12:12:46.353Z] No OAuth tokens found
[error] Failed to fetch Firebase Project from current Studio Workspace: Unable to refresh auth: not yet authenticated.
[debug] [2025-08-30T12:12:46.359Z] > command requires scopes: ["email","openid","https://www.googleapis.com/auth/cloudplatformprojects.readonly","https://www.googleapis.com/auth/firebase","https://www.googleapis.com/auth/cloud-platform","https://www.googleapis.com/auth/userinfo.email"]
[debug] [2025-08-30T12:12:46.713Z] <<< [apiv2][status] GET https://firebase-public.firebaseio.com/cli.json 200
[debug] [2025-08-30T12:12:46.714Z] <<< [apiv2][body] GET https://firebase-public.firebaseio.com/cli.json {"cloudBuildErrorAfter":1594252800000,"cloudBuildWarnAfter":1590019200000,"defaultNode10After":1594252800000,"minVersion":"3.0.5","node8DeploysDisabledAfter":1613390400000,"node8RuntimeDisabledAfter":1615809600000,"node8WarnAfter":1600128000000}
[debug] [2025-08-30T12:13:21.281Z] Running auto auth
[info] 
     ######## #### ########  ######## ########     ###     ######  ########
     ##        ##  ##     ## ##       ##     ##  ##   ##  ##       ##
     ######    ##  ########  ######   ########  #########  ######  ######
     ##        ##  ##    ##  ##       ##     ## ##     ##       ## ##
     ##       #### ##     ## ######## ########  ##     ##  ######  ########

You're about to initialize a Firebase project in this directory:

  /home/user/aniruddha-parade

[info] 
=== Project Setup
[info] 
[info] First, let's associate this project directory with a Firebase project.
[info] You can create multiple project aliases by running firebase use --add, 
[info] but for now we'll just set up a default project.
[info] 
